[2024-03-05 20:56:07] [ INFO ] [BD:54] se creo la tabla odontologos
[2024-03-05 20:56:07] [ INFO ] [BD:56] se insertó un valor en la tabla odontologos
[2024-03-05 20:59:23] [ INFO ] [BD:54] se creo la tabla odontologos
[2024-03-05 20:59:23] [ INFO ] [BD:56] se insertó un valor en la tabla odontologos
[2024-03-05 21:01:53] [ INFO ] [BD:54] se creo la tabla odontologos
[2024-03-05 21:01:53] [ INFO ] [BD:56] se insertó un valor en la tabla odontologos
[2024-03-08 17:05:26] [ INFO ] [BD:54] se creo la tabla odontologos
[2024-03-08 17:05:26] [ INFO ] [BD:56] se insertó un valor en la tabla odontologos
[2024-03-08 17:08:38] [ INFO ] [BD:54] se creo la tabla odontologos
[2024-03-08 17:08:38] [ INFO ] [BD:56] se insertó un valor en la tabla odontologos
[2024-03-08 17:09:47] [ INFO ] [OdontologoDaoH2:21] Estamos guardando un odontologo
[2024-03-08 17:14:32] [ INFO ] [OdontologoDaoH2:21] Estamos guardando un odontologo
[2024-03-08 17:14:37] [ INFO ] [OdontologoDaoH2:21] Estamos guardando un odontologo
[2024-03-08 17:16:22] [ INFO ] [BD:54] se creo la tabla odontologos
[2024-03-08 17:16:22] [ INFO ] [BD:56] se insertó un valor en la tabla odontologos
[2024-03-08 17:17:56] [ INFO ] [BD:54] se creo la tabla odontologos
[2024-03-08 17:17:56] [ INFO ] [BD:56] se insertó un valor en la tabla odontologos
[2024-03-08 17:18:22] [ INFO ] [OdontologoDaoH2:21] Estamos guardando un odontologo
[2024-03-08 17:18:56] [ INFO ] [OdontologoDaoH2:21] Estamos guardando un odontologo
[2024-03-08 17:19:02] [ INFO ] [OdontologoDaoH2:21] Estamos guardando un odontologo
[2024-03-08 19:58:32] [ INFO ] [BD:54] se creo la tabla odontologos
[2024-03-08 19:58:32] [ INFO ] [BD:56] se insertó un valor en la tabla odontologos
[2024-03-08 20:00:35] [ INFO ] [BD:54] se creo la tabla odontologos
[2024-03-08 20:00:35] [ INFO ] [BD:56] se insertó un valor en la tabla odontologos
[2024-03-08 20:07:14] [ INFO ] [DomicilioDaoH2:24] Estamos guardando un domicilio
[2024-03-08 20:07:14] [ INFO ] [DomicilioDaoH2:27] Estamos guardando un domicilio
[2024-03-08 20:10:49] [ INFO ] [DomicilioDaoH2:24] Estamos guardando un domicilio
[2024-03-08 20:10:49] [ INFO ] [DomicilioDaoH2:27] Estamos guardando un domicilio
[2024-03-08 20:11:05] [ INFO ] [DomicilioDaoH2:24] Estamos guardando un domicilio
[2024-03-08 20:11:05] [ INFO ] [DomicilioDaoH2:27] Estamos guardando un domicilio
[2024-03-08 20:11:09] [ INFO ] [DomicilioDaoH2:24] Estamos guardando un domicilio
[2024-03-08 20:11:09] [ INFO ] [DomicilioDaoH2:27] Estamos guardando un domicilio
[2024-03-08 20:11:10] [ INFO ] [DomicilioDaoH2:55] Este es el id: 1
[2024-03-08 20:11:10] [ INFO ] [DomicilioDaoH2:45] SE CREO EL PACIENTE 1
[2024-03-08 20:32:45] [ INFO ] [BD:54] se creo la tabla odontologos
[2024-03-08 20:32:45] [ INFO ] [BD:56] se insertó un valor en la tabla odontologos
[2024-03-08 20:33:20] [ INFO ] [DomicilioDaoH2:24] Estamos guardando un domicilio
[2024-03-08 20:33:20] [ INFO ] [DomicilioDaoH2:27] Estamos guardando un domicilio
[2024-03-08 20:33:20] [ INFO ] [DomicilioDaoH2:55] Este es el id: 1
[2024-03-08 20:33:20] [ INFO ] [DomicilioDaoH2:45] SE CREO EL PACIENTE 1
[2024-03-08 20:34:14] [ INFO ] [DomicilioDaoH2:24] Estamos guardando un domicilio
[2024-03-08 20:34:14] [ INFO ] [DomicilioDaoH2:27] Estamos guardando un domicilio
[2024-03-08 20:34:14] [ INFO ] [DomicilioDaoH2:55] Este es el id: 2
[2024-03-08 20:34:14] [ INFO ] [DomicilioDaoH2:45] SE CREO EL PACIENTE 2
[2024-03-08 20:36:03] [ INFO ] [BD:54] se creo la tabla odontologos
[2024-03-08 20:36:03] [ INFO ] [BD:56] se insertó un valor en la tabla odontologos
[2024-03-08 20:36:23] [ INFO ] [DomicilioDaoH2:24] Estamos guardando un domicilio
[2024-03-08 20:36:23] [ INFO ] [DomicilioDaoH2:27] Estamos guardando un domicilio
[2024-03-08 20:36:24] [ INFO ] [DomicilioDaoH2:55] Este es el id: 1
[2024-03-08 20:36:24] [ INFO ] [DomicilioDaoH2:45] SE CREO EL PACIENTE 1
[2024-03-08 20:36:26] [ INFO ] [DomicilioDaoH2:24] Estamos guardando un domicilio
[2024-03-08 20:36:26] [ INFO ] [DomicilioDaoH2:27] Estamos guardando un domicilio
[2024-03-08 20:36:26] [ INFO ] [DomicilioDaoH2:55] Este es el id: 2
[2024-03-08 20:36:26] [ INFO ] [DomicilioDaoH2:45] SE CREO EL PACIENTE 2
[2024-03-08 20:36:34] [ INFO ] [DomicilioDaoH2:24] Estamos guardando un domicilio
[2024-03-08 20:36:34] [ INFO ] [DomicilioDaoH2:27] Estamos guardando un domicilio
[2024-03-08 20:36:34] [ INFO ] [DomicilioDaoH2:55] Este es el id: 3
[2024-03-08 20:36:34] [ INFO ] [DomicilioDaoH2:45] SE CREO EL PACIENTE 3
[2024-03-08 20:38:37] [ INFO ] [BD:54] se creo la tabla odontologos
[2024-03-08 20:38:37] [ INFO ] [BD:56] se insertó un valor en la tabla odontologos
[2024-03-08 20:38:55] [ INFO ] [DomicilioDaoH2:24] Estamos guardando un domicilio
[2024-03-08 20:38:55] [ INFO ] [DomicilioDaoH2:27] Estamos guardando un domicilio
[2024-03-08 20:38:55] [ INFO ] [DomicilioDaoH2:55] Este es el id: 1
[2024-03-08 20:38:55] [ INFO ] [DomicilioDaoH2:45] SE CREO EL PACIENTE 1
[2024-03-08 20:38:57] [ INFO ] [DomicilioDaoH2:24] Estamos guardando un domicilio
[2024-03-08 20:38:57] [ INFO ] [DomicilioDaoH2:27] Estamos guardando un domicilio
[2024-03-08 20:38:57] [ INFO ] [DomicilioDaoH2:55] Este es el id: 2
[2024-03-08 20:38:57] [ INFO ] [DomicilioDaoH2:45] SE CREO EL PACIENTE 2
[2024-03-08 20:40:43] [ INFO ] [BD:54] se creo la tabla odontologos
[2024-03-08 20:40:43] [ INFO ] [BD:56] se insertó un valor en la tabla odontologos
[2024-03-08 20:40:53] [ INFO ] [DomicilioDaoH2:24] Estamos guardando un domicilio
[2024-03-08 20:40:53] [ INFO ] [DomicilioDaoH2:27] Estamos guardando un domicilio
[2024-03-08 20:40:53] [ INFO ] [DomicilioDaoH2:55] Este es el id: 1
[2024-03-08 20:40:53] [ INFO ] [DomicilioDaoH2:45] SE CREO EL PACIENTE 1
[2024-03-08 20:40:55] [ INFO ] [DomicilioDaoH2:24] Estamos guardando un domicilio
[2024-03-08 20:40:55] [ INFO ] [DomicilioDaoH2:27] Estamos guardando un domicilio
[2024-03-08 20:40:55] [ INFO ] [DomicilioDaoH2:55] Este es el id: 2
[2024-03-08 20:40:55] [ INFO ] [DomicilioDaoH2:45] SE CREO EL PACIENTE 2
[2024-03-08 20:40:56] [ INFO ] [DomicilioDaoH2:24] Estamos guardando un domicilio
[2024-03-08 20:40:56] [ INFO ] [DomicilioDaoH2:27] Estamos guardando un domicilio
[2024-03-08 20:40:56] [ INFO ] [DomicilioDaoH2:55] Este es el id: 3
[2024-03-08 20:40:56] [ INFO ] [DomicilioDaoH2:45] SE CREO EL PACIENTE 3
[2024-03-08 20:41:28] [ INFO ] [BD:54] se creo la tabla odontologos
[2024-03-08 20:41:28] [ INFO ] [BD:56] se insertó un valor en la tabla odontologos
[2024-03-08 20:41:39] [ INFO ] [DomicilioDaoH2:24] Estamos guardando un domicilio
[2024-03-08 20:41:39] [ INFO ] [DomicilioDaoH2:27] Estamos guardando un domicilio
[2024-03-08 20:41:39] [ INFO ] [DomicilioDaoH2:55] Este es el id: 1
[2024-03-08 20:41:39] [ INFO ] [DomicilioDaoH2:45] SE CREO EL PACIENTE 1
[2024-03-08 20:41:40] [ INFO ] [DomicilioDaoH2:24] Estamos guardando un domicilio
[2024-03-08 20:41:40] [ INFO ] [DomicilioDaoH2:27] Estamos guardando un domicilio
[2024-03-08 20:41:41] [ INFO ] [DomicilioDaoH2:55] Este es el id: 2
[2024-03-08 20:41:41] [ INFO ] [DomicilioDaoH2:45] SE CREO EL PACIENTE 2
[2024-03-08 20:45:31] [ INFO ] [BD:54] se creo la tabla odontologos
[2024-03-08 20:45:31] [ INFO ] [BD:56] se insertó un valor en la tabla odontologos
[2024-03-08 20:45:42] [ INFO ] [DomicilioDaoH2:24] Estamos guardando un domicilio
[2024-03-08 20:45:42] [ INFO ] [DomicilioDaoH2:27] Estamos guardando un domicilio
[2024-03-08 20:45:42] [ INFO ] [DomicilioDaoH2:55] Este es el id: 1
[2024-03-08 20:45:42] [ INFO ] [DomicilioDaoH2:45] SE CREO EL PACIENTE 1
[2024-03-08 20:45:44] [ INFO ] [DomicilioDaoH2:24] Estamos guardando un domicilio
[2024-03-08 20:45:44] [ INFO ] [DomicilioDaoH2:27] Estamos guardando un domicilio
[2024-03-08 20:45:44] [ INFO ] [DomicilioDaoH2:55] Este es el id: 2
[2024-03-08 20:45:44] [ INFO ] [DomicilioDaoH2:45] SE CREO EL PACIENTE 2
[2024-03-08 20:45:49] [ INFO ] [DomicilioDaoH2:24] Estamos guardando un domicilio
[2024-03-08 20:45:49] [ INFO ] [DomicilioDaoH2:27] Estamos guardando un domicilio
[2024-03-08 20:45:49] [ INFO ] [DomicilioDaoH2:55] Este es el id: 3
[2024-03-08 20:45:49] [ INFO ] [DomicilioDaoH2:45] SE CREO EL PACIENTE 3
[2024-03-08 20:45:54] [ INFO ] [DomicilioDaoH2:60] Estamos buscando el id
[2024-03-08 20:47:22] [ INFO ] [BD:54] se creo la tabla odontologos
[2024-03-08 20:47:22] [ INFO ] [BD:56] se insertó un valor en la tabla odontologos
[2024-03-08 20:47:29] [ INFO ] [DomicilioDaoH2:24] Estamos guardando un domicilio
[2024-03-08 20:47:29] [ INFO ] [DomicilioDaoH2:27] Estamos guardando un domicilio
[2024-03-08 20:47:29] [ INFO ] [DomicilioDaoH2:55] Este es el id: 1
[2024-03-08 20:47:30] [ INFO ] [DomicilioDaoH2:45] SE CREO EL PACIENTE 1
[2024-03-08 20:47:31] [ INFO ] [DomicilioDaoH2:24] Estamos guardando un domicilio
[2024-03-08 20:47:31] [ INFO ] [DomicilioDaoH2:27] Estamos guardando un domicilio
[2024-03-08 20:47:31] [ INFO ] [DomicilioDaoH2:55] Este es el id: 2
[2024-03-08 20:47:31] [ INFO ] [DomicilioDaoH2:45] SE CREO EL PACIENTE 2
[2024-03-08 20:47:38] [ INFO ] [DomicilioDaoH2:60] Estamos buscando el id
[2024-03-08 20:47:38] [ INFO ] [DomicilioDaoH2:85] El domicilio encontrado es: Domicilio con id=null, calle= null, numero=null, localidad='null, provincia='null
[2024-03-08 20:47:38] [ INFO ] [DomicilioDaoH2:81] El id es: 1
[2024-03-08 20:48:19] [ INFO ] [BD:54] se creo la tabla odontologos
[2024-03-08 20:48:19] [ INFO ] [BD:56] se insertó un valor en la tabla odontologos
[2024-03-08 20:48:25] [ INFO ] [DomicilioDaoH2:24] Estamos guardando un domicilio
[2024-03-08 20:48:25] [ INFO ] [DomicilioDaoH2:27] Estamos guardando un domicilio
[2024-03-08 20:48:26] [ INFO ] [DomicilioDaoH2:55] Este es el id: 1
[2024-03-08 20:48:26] [ INFO ] [DomicilioDaoH2:45] SE CREO EL PACIENTE 1
[2024-03-08 20:48:27] [ INFO ] [DomicilioDaoH2:24] Estamos guardando un domicilio
[2024-03-08 20:48:27] [ INFO ] [DomicilioDaoH2:27] Estamos guardando un domicilio
[2024-03-08 20:48:27] [ INFO ] [DomicilioDaoH2:55] Este es el id: 2
[2024-03-08 20:48:27] [ INFO ] [DomicilioDaoH2:45] SE CREO EL PACIENTE 2
[2024-03-08 20:48:31] [ INFO ] [DomicilioDaoH2:60] Estamos buscando el id
[2024-03-08 20:48:31] [ INFO ] [DomicilioDaoH2:85] El domicilio encontrado es: Domicilio con id=1, calle= Calle 1, numero=123, localidad='Godoy cruz, provincia='Mendoza
[2024-03-08 20:48:31] [ INFO ] [DomicilioDaoH2:81] El id es: 1
[2024-03-08 20:50:49] [ INFO ] [BD:54] se creo la tabla odontologos
[2024-03-08 20:50:49] [ INFO ] [BD:56] se insertó un valor en la tabla odontologos
[2024-03-08 20:50:55] [ INFO ] [DomicilioDaoH2:24] Estamos guardando un domicilio
[2024-03-08 20:50:55] [ INFO ] [DomicilioDaoH2:27] Estamos guardando un domicilio
[2024-03-08 20:50:56] [ INFO ] [DomicilioDaoH2:55] Este es el id: 1
[2024-03-08 20:50:56] [ INFO ] [DomicilioDaoH2:45] SE CREO EL PACIENTE 1
[2024-03-08 20:50:57] [ INFO ] [DomicilioDaoH2:24] Estamos guardando un domicilio
[2024-03-08 20:50:57] [ INFO ] [DomicilioDaoH2:27] Estamos guardando un domicilio
[2024-03-08 20:50:57] [ INFO ] [DomicilioDaoH2:55] Este es el id: 2
[2024-03-08 20:50:57] [ INFO ] [DomicilioDaoH2:45] SE CREO EL PACIENTE 2
[2024-03-08 20:51:05] [ INFO ] [DomicilioDaoH2:102] Paciente eliminado con éxito. ID: 1
[2024-03-08 20:55:24] [ INFO ] [BD:54] se creo la tabla odontologos
[2024-03-08 20:55:24] [ INFO ] [BD:56] se insertó un valor en la tabla odontologos
[2024-03-08 20:55:53] [ INFO ] [BD:54] se creo la tabla odontologos
[2024-03-08 20:55:53] [ INFO ] [BD:56] se insertó un valor en la tabla odontologos
[2024-03-08 20:56:01] [ INFO ] [DomicilioDaoH2:24] Estamos guardando un domicilio
[2024-03-08 20:56:01] [ INFO ] [DomicilioDaoH2:27] Estamos guardando un domicilio
[2024-03-08 20:56:01] [ INFO ] [DomicilioDaoH2:55] Este es el id: 1
[2024-03-08 20:56:02] [ INFO ] [DomicilioDaoH2:45] SE CREO EL PACIENTE 1
[2024-03-08 20:56:03] [ INFO ] [DomicilioDaoH2:24] Estamos guardando un domicilio
[2024-03-08 20:56:03] [ INFO ] [DomicilioDaoH2:27] Estamos guardando un domicilio
[2024-03-08 20:56:03] [ INFO ] [DomicilioDaoH2:55] Este es el id: 2
[2024-03-08 20:56:03] [ INFO ] [DomicilioDaoH2:45] SE CREO EL PACIENTE 2
[2024-03-08 20:56:04] [ INFO ] [DomicilioDaoH2:24] Estamos guardando un domicilio
[2024-03-08 20:56:04] [ INFO ] [DomicilioDaoH2:27] Estamos guardando un domicilio
[2024-03-08 20:56:04] [ INFO ] [DomicilioDaoH2:55] Este es el id: 3
[2024-03-08 20:56:04] [ INFO ] [DomicilioDaoH2:45] SE CREO EL PACIENTE 3
[2024-03-08 20:56:11] [ INFO ] [DomicilioDaoH2:85] El domicilio encontrado es: Domicilio con id=1, calle= Calle 1, numero=123, localidad='Godoy cruz, provincia='Mendoza
[2024-03-08 20:56:11] [ INFO ] [DomicilioDaoH2:85] El domicilio encontrado es: Domicilio con id=2, calle= Calle 1, numero=123, localidad='Godoy cruz, provincia='Mendoza
[2024-03-08 20:56:11] [ INFO ] [DomicilioDaoH2:85] El domicilio encontrado es: Domicilio con id=3, calle= Calle 1, numero=123, localidad='Godoy cruz, provincia='Mendoza
[2024-03-08 22:01:48] [ INFO ] [DomicilioDaoH2:24] Estamos guardando un domicilio
[2024-03-08 22:01:48] [ INFO ] [DomicilioDaoH2:27] Estamos guardando un domicilio
[2024-03-08 22:01:48] [ INFO ] [DomicilioDaoH2:55] Este es el id: 4
[2024-03-08 22:01:48] [ INFO ] [DomicilioDaoH2:45] SE CREO EL PACIENTE 4
[2024-03-11 17:13:27] [ INFO ] [BD:54] se creo la tabla odontologos
[2024-03-11 17:13:27] [ INFO ] [BD:56] se insertó un valor en la tabla odontologos
[2024-03-11 17:13:36] [ INFO ] [DomicilioDaoH2:24] Estamos guardando un domicilio
[2024-03-11 17:13:36] [ INFO ] [DomicilioDaoH2:27] Estamos guardando un domicilio
[2024-03-11 17:13:36] [ INFO ] [DomicilioDaoH2:55] Este es el id: 1
[2024-03-11 17:13:36] [ INFO ] [DomicilioDaoH2:45] SE CREO EL PACIENTE 1
[2024-03-11 17:13:40] [ INFO ] [DomicilioDaoH2:24] Estamos guardando un domicilio
[2024-03-11 17:13:40] [ INFO ] [DomicilioDaoH2:27] Estamos guardando un domicilio
[2024-03-11 17:13:40] [ INFO ] [DomicilioDaoH2:55] Este es el id: 2
[2024-03-11 17:13:40] [ INFO ] [DomicilioDaoH2:45] SE CREO EL PACIENTE 2
[2024-03-11 17:13:41] [ INFO ] [DomicilioDaoH2:24] Estamos guardando un domicilio
[2024-03-11 17:13:41] [ INFO ] [DomicilioDaoH2:27] Estamos guardando un domicilio
[2024-03-11 17:13:41] [ INFO ] [DomicilioDaoH2:55] Este es el id: 3
[2024-03-11 17:13:41] [ INFO ] [DomicilioDaoH2:45] SE CREO EL PACIENTE 3
[2024-03-11 17:13:59] [ INFO ] [DomicilioDaoH2:60] Estamos buscando el id
[2024-03-11 17:13:59] [ INFO ] [DomicilioDaoH2:85] El domicilio encontrado es: Domicilio con id=2, calle= Calle 1, numero=123, localidad='Godoy cruz, provincia='Mendoza
[2024-03-11 17:13:59] [ INFO ] [DomicilioDaoH2:81] El id es: 2
[2024-03-11 17:14:09] [ INFO ] [DomicilioDaoH2:85] El domicilio encontrado es: Domicilio con id=1, calle= Calle 1, numero=123, localidad='Godoy cruz, provincia='Mendoza
[2024-03-11 17:14:09] [ INFO ] [DomicilioDaoH2:85] El domicilio encontrado es: Domicilio con id=2, calle= Calle 1, numero=123, localidad='Godoy cruz, provincia='Mendoza
[2024-03-11 17:14:09] [ INFO ] [DomicilioDaoH2:85] El domicilio encontrado es: Domicilio con id=3, calle= Calle 1, numero=123, localidad='Godoy cruz, provincia='Mendoza
[2024-03-11 17:14:15] [ INFO ] [DomicilioDaoH2:60] Estamos buscando el id
[2024-03-11 17:14:15] [ INFO ] [DomicilioDaoH2:85] El domicilio encontrado es: Domicilio con id=3, calle= Calle 1, numero=123, localidad='Godoy cruz, provincia='Mendoza
[2024-03-11 17:14:15] [ INFO ] [DomicilioDaoH2:81] El id es: 3
[2024-03-11 17:14:28] [ INFO ] [DomicilioDaoH2:85] El domicilio encontrado es: Domicilio con id=1, calle= Calle 1, numero=123, localidad='Godoy cruz, provincia='Mendoza
[2024-03-11 17:14:28] [ INFO ] [DomicilioDaoH2:85] El domicilio encontrado es: Domicilio con id=2, calle= Calle 1, numero=123, localidad='Godoy cruz, provincia='Mendoza
[2024-03-11 17:14:28] [ INFO ] [DomicilioDaoH2:85] El domicilio encontrado es: Domicilio con id=3, calle= Calle 1, numero=123, localidad='Godoy cruz, provincia='Mendoza
[2024-03-11 17:14:37] [ INFO ] [DomicilioDaoH2:102] Paciente eliminado con éxito. ID: 3
[2024-03-11 17:19:35] [ INFO ] [DomicilioDaoH2:24] Estamos guardando un domicilio
[2024-03-11 17:19:35] [ INFO ] [DomicilioDaoH2:27] Estamos guardando un domicilio
[2024-03-11 17:19:35] [ INFO ] [DomicilioDaoH2:55] Este es el id: 4
[2024-03-11 17:19:35] [ INFO ] [DomicilioDaoH2:45] SE CREO EL PACIENTE 4
[2024-03-11 17:42:12] [ INFO ] [BD:54] se creo la tabla odontologos
[2024-03-11 17:42:12] [ INFO ] [BD:56] se insertó un valor en la tabla odontologos
[2024-03-11 17:42:39] [ INFO ] [BD:54] se creo la tabla odontologos
[2024-03-11 17:42:39] [ INFO ] [BD:56] se insertó un valor en la tabla odontologos
[2024-03-11 17:47:30] [ INFO ] [DomicilioDaoH2:60] Estamos buscando el id
[2024-03-11 17:48:36] [ INFO ] [DomicilioDaoH2:60] Estamos buscando el id
[2024-03-11 17:53:34] [ INFO ] [BD:54] se creo la tabla odontologos
[2024-03-11 17:53:34] [ INFO ] [BD:56] se insertó un valor en la tabla odontologos
[2024-03-11 17:53:42] [ INFO ] [TurnoController:35] Estamos guardando un turnocom.dh.ClinicMVC.model.Turno@71c0f7e3
[2024-03-11 17:53:43] [ INFO ] [DomicilioDaoH2:60] Estamos buscando el id
